Starting parallel grid
[n3319:26660:0:26660] Caught signal 11 (Segmentation fault: address not mapped to object at address 0xc8b120)
[n3288:36502:0:36502] Caught signal 11 (Segmentation fault: address not mapped to object at address 0x2983120)
==== backtrace (tid:  26660) ====
 0 0x0000000000012b30 .annobin_sigaction.c()  sigaction.c:0
 1 0x0000000000408bdb jacobi()  ???:0
 2 0x0000000000404e26 main()  ???:0
 3 0x00000000000234a3 __libc_start_main()  ???:0
 4 0x00000000004052fe _start()  ???:0
=================================
==== backtrace (tid:  36502) ====
 0 0x0000000000012b30 .annobin_sigaction.c()  sigaction.c:0
 1 0x0000000000408bdb jacobi()  ???:0
 2 0x0000000000404e26 main()  ???:0
 3 0x00000000000234a3 __libc_start_main()  ???:0
 4 0x00000000004052fe _start()  ???:0
=================================
# elapsed time [mpigrid]: 23 ms
# 128 iterations
# ||r|| = inf
Done with parallel grid
