Starting parallel grid
Parallel Yes
maxiter 128
xsize 128
ysize 128
With ir
   0: ||r|| = 2.30513
   1: ||r|| = 1.27969
   2: ||r|| = 0.924242
   3: ||r|| = 0.7366
   4: ||r|| = 0.618594
   5: ||r|| = 0.536699
   6: ||r|| = 0.476132
   7: ||r|| = 0.429297
   8: ||r|| = 0.391865
   9: ||r|| = 0.361176
  10: ||r|| = 0.335501
  11: ||r|| = 0.313663
  12: ||r|| = 0.294834
  13: ||r|| = 0.27841
  14: ||r|| = 0.263942
  15: ||r|| = 0.251088
  16: ||r|| = 0.239582
  17: ||r|| = 0.229215
  18: ||r|| = 0.219819
  19: ||r|| = 0.21126
  20: ||r|| = 0.203425
  21: ||r|| = 0.196224
  22: ||r|| = 0.189579
  23: ||r|| = 0.183426
  24: ||r|| = 0.177711
  25: ||r|| = 0.172385
  26: ||r|| = 0.16741
  27: ||r|| = 0.16275
  28: ||r|| = 0.158375
  29: ||r|| = 0.154258
  30: ||r|| = 0.150378
  31: ||r|| = 0.146712
  32: ||r|| = 0.143243
  33: ||r|| = 0.139955
  34: ||r|| = 0.136834
  35: ||r|| = 0.133866
  36: ||r|| = 0.131041
  37: ||r|| = 0.128347
  38: ||r|| = 0.125776
  39: ||r|| = 0.123318
  40: ||r|| = 0.120967
  41: ||r|| = 0.118715
  42: ||r|| = 0.116555
  43: ||r|| = 0.114483
  44: ||r|| = 0.112492
  45: ||r|| = 0.110578
  46: ||r|| = 0.108736
  47: ||r|| = 0.106962
  48: ||r|| = 0.105252
  49: ||r|| = 0.103603
  50: ||r|| = 0.102011
  51: ||r|| = 0.100473
  52: ||r|| = 0.0989865
  53: ||r|| = 0.0975488
  54: ||r|| = 0.0961574
  55: ||r|| = 0.09481
  56: ||r|| = 0.0935045
  57: ||r|| = 0.0922388
  58: ||r|| = 0.0910112
  59: ||r|| = 0.0898197
  60: ||r|| = 0.0886629
  61: ||r|| = 0.0875391
  62: ||r|| = 0.0864469
  63: ||r|| = 0.0853849
  64: ||r|| = 0.0843519
  65: ||r|| = 0.0833466
  66: ||r|| = 0.0823678
  67: ||r|| = 0.0814146
  68: ||r|| = 0.0804858
  69: ||r|| = 0.0795805
  70: ||r|| = 0.0786978
  71: ||r|| = 0.0778369
  72: ||r|| = 0.0769968
  73: ||r|| = 0.0761768
  74: ||r|| = 0.0753762
  75: ||r|| = 0.0745943
  76: ||r|| = 0.0738303
  77: ||r|| = 0.0730837
  78: ||r|| = 0.0723539
  79: ||r|| = 0.0716402
  80: ||r|| = 0.0709421
  81: ||r|| = 0.0702592
  82: ||r|| = 0.0695907
  83: ||r|| = 0.0689364
  84: ||r|| = 0.0682958
  85: ||r|| = 0.0676683
  86: ||r|| = 0.0670536
  87: ||r|| = 0.0664513
  88: ||r|| = 0.065861
  89: ||r|| = 0.0652823
  90: ||r|| = 0.0647149
  91: ||r|| = 0.0641584
  92: ||r|| = 0.0636126
  93: ||r|| = 0.063077
  94: ||r|| = 0.0625514
  95: ||r|| = 0.0620355
  96: ||r|| = 0.0615291
  97: ||r|| = 0.0610318
  98: ||r|| = 0.0605434
  99: ||r|| = 0.0600637
 100: ||r|| = 0.0595924
 101: ||r|| = 0.0591293
 102: ||r|| = 0.0586741
 103: ||r|| = 0.0582267
 104: ||r|| = 0.0577869
 105: ||r|| = 0.0573545
 106: ||r|| = 0.0569292
 107: ||r|| = 0.0565109
 108: ||r|| = 0.0560994
 109: ||r|| = 0.0556945
 110: ||r|| = 0.0552961
 111: ||r|| = 0.054904
 112: ||r|| = 0.0545181
 113: ||r|| = 0.0541382
 114: ||r|| = 0.0537641
 115: ||r|| = 0.0533957
 116: ||r|| = 0.053033
 117: ||r|| = 0.0526757
 118: ||r|| = 0.0523237
 119: ||r|| = 0.0519769
 120: ||r|| = 0.0516353
 121: ||r|| = 0.0512985
 122: ||r|| = 0.0509667
 123: ||r|| = 0.0506396
 124: ||r|| = 0.0503171
 125: ||r|| = 0.0499992
 126: ||r|| = 0.0496857
 127: ||r|| = 0.0493766
# elapsed time [mpigrid]: 14 ms
# 128 iterations
# ||r|| = 0.0490717
Done with parallel grid
