Starting parallel grid
Parallel Yes
maxiter 128
xsize 128
ysize 128
With jacobi
   0: ||r|| = 2.30513
   1: ||r|| = 1.27167
   2: ||r|| = 0.91567
   3: ||r|| = 0.727996
   4: ||r|| = 0.610069
   5: ||r|| = 0.528281
   6: ||r|| = 0.467827
   7: ||r|| = 0.421102
   8: ||r|| = 0.383774
   9: ||r|| = 0.353183
  10: ||r|| = 0.3276
  11: ||r|| = 0.305849
  12: ||r|| = 0.2871
  13: ||r|| = 0.270752
  14: ||r|| = 0.256356
  15: ||r|| = 0.243569
  16: ||r|| = 0.232127
  17: ||r|| = 0.22182
  18: ||r|| = 0.212482
  19: ||r|| = 0.203977
  20: ||r|| = 0.196194
  21: ||r|| = 0.189042
  22: ||r|| = 0.182445
  23: ||r|| = 0.176337
  24: ||r|| = 0.170664
  25: ||r|| = 0.16538
  26: ||r|| = 0.160445
  27: ||r|| = 0.155823
  28: ||r|| = 0.151485
  29: ||r|| = 0.147404
  30: ||r|| = 0.143558
  31: ||r|| = 0.139925
  32: ||r|| = 0.136489
  33: ||r|| = 0.133232
  34: ||r|| = 0.13014
  35: ||r|| = 0.127202
  36: ||r|| = 0.124404
  37: ||r|| = 0.121738
  38: ||r|| = 0.119193
  39: ||r|| = 0.116761
  40: ||r|| = 0.114435
  41: ||r|| = 0.112208
  42: ||r|| = 0.110072
  43: ||r|| = 0.108023
  44: ||r|| = 0.106054
  45: ||r|| = 0.104162
  46: ||r|| = 0.102341
  47: ||r|| = 0.100588
  48: ||r|| = 0.0988987
  49: ||r|| = 0.0972692
  50: ||r|| = 0.0956965
  51: ||r|| = 0.0941777
  52: ||r|| = 0.0927097
  53: ||r|| = 0.0912901
  54: ||r|| = 0.0899164
  55: ||r|| = 0.0885864
  56: ||r|| = 0.0872978
  57: ||r|| = 0.0860487
  58: ||r|| = 0.0848373
  59: ||r|| = 0.0836618
  60: ||r|| = 0.0825205
  61: ||r|| = 0.081412
  62: ||r|| = 0.0803348
  63: ||r|| = 0.0792875
  64: ||r|| = 0.0782689
  65: ||r|| = 0.0772777
  66: ||r|| = 0.0763128
  67: ||r|| = 0.0753732
  68: ||r|| = 0.0744577
  69: ||r|| = 0.0735656
  70: ||r|| = 0.0726957
  71: ||r|| = 0.0718474
  72: ||r|| = 0.0710197
  73: ||r|| = 0.0702119
  74: ||r|| = 0.0694233
  75: ||r|| = 0.0686531
  76: ||r|| = 0.0679007
  77: ||r|| = 0.0671655
  78: ||r|| = 0.0664468
  79: ||r|| = 0.065744
  80: ||r|| = 0.0650567
  81: ||r|| = 0.0643844
  82: ||r|| = 0.0637264
  83: ||r|| = 0.0630823
  84: ||r|| = 0.0624517
  85: ||r|| = 0.0618342
  86: ||r|| = 0.0612293
  87: ||r|| = 0.0606366
  88: ||r|| = 0.0600557
  89: ||r|| = 0.0594863
  90: ||r|| = 0.058928
  91: ||r|| = 0.0583806
  92: ||r|| = 0.0578435
  93: ||r|| = 0.0573167
  94: ||r|| = 0.0567997
  95: ||r|| = 0.0562923
  96: ||r|| = 0.0557941
  97: ||r|| = 0.0553051
  98: ||r|| = 0.0548247
  99: ||r|| = 0.054353
 100: ||r|| = 0.0538895
 101: ||r|| = 0.0534341
 102: ||r|| = 0.0529866
 103: ||r|| = 0.0525467
 104: ||r|| = 0.0521143
 105: ||r|| = 0.0516891
 106: ||r|| = 0.051271
 107: ||r|| = 0.0508597
 108: ||r|| = 0.0504552
 109: ||r|| = 0.0500572
 110: ||r|| = 0.0496656
 111: ||r|| = 0.0492802
 112: ||r|| = 0.0489008
 113: ||r|| = 0.0485274
 114: ||r|| = 0.0481597
 115: ||r|| = 0.0477977
 116: ||r|| = 0.0474412
 117: ||r|| = 0.04709
 118: ||r|| = 0.0467441
 119: ||r|| = 0.0464033
 120: ||r|| = 0.0460675
 121: ||r|| = 0.0457366
 122: ||r|| = 0.0454105
 123: ||r|| = 0.0450891
 124: ||r|| = 0.0447722
 125: ||r|| = 0.0444598
 126: ||r|| = 0.0441518
 127: ||r|| = 0.0438481
# elapsed time [mpigrid]: 14 ms
# 128 iterations
[n3288:44062:0:44062] Caught signal 11 (Segmentation fault: address not mapped to object at address 0x1b3c000)
[n3250:47088:0:47088] Caught signal 11 (Segmentation fault: address not mapped to object at address 0x28f0000)
[n3263:49341:0:49341] Caught signal 11 (Segmentation fault: address not mapped to object at address 0x1f2f000)
[n3319:36304:0:36304] Caught signal 11 (Segmentation fault: address not mapped to object at address 0x25fa000)
# ||r|| = 0.0435485
==== backtrace (tid:  47088) ====
 0 0x0000000000012b30 .annobin_sigaction.c()  sigaction.c:0
 1 0x0000000000408610 mpi_dot()  ???:0
 2 0x0000000000404cfc main()  ???:0
 3 0x00000000000234a3 __libc_start_main()  ???:0
 4 0x00000000004052fe _start()  ???:0
=================================
==== backtrace (tid:  44062) ====
 0 0x0000000000012b30 .annobin_sigaction.c()  sigaction.c:0
 1 0x0000000000408610 mpi_dot()  ???:0
 2 0x0000000000404cfc main()  ???:0
 3 0x00000000000234a3 __libc_start_main()  ???:0
 4 0x00000000004052fe _start()  ???:0
=================================
==== backtrace (tid:  49341) ====
 0 0x0000000000012b30 .annobin_sigaction.c()  sigaction.c:0
 1 0x0000000000408610 mpi_dot()  ???:0
 2 0x0000000000404cfc main()  ???:0
 3 0x00000000000234a3 __libc_start_main()  ???:0
 4 0x00000000004052fe _start()  ???:0
=================================
==== backtrace (tid:  36304) ====
 0 0x0000000000012b30 .annobin_sigaction.c()  sigaction.c:0
 1 0x0000000000408610 mpi_dot()  ???:0
 2 0x0000000000404cfc main()  ???:0
 3 0x00000000000234a3 __libc_start_main()  ???:0
 4 0x00000000004052fe _start()  ???:0
=================================
Done with parallel grid
