Starting parallel grid
[n3288:88392:0:88392] Caught signal 11 (Segmentation fault: address not mapped to object at address 0x1a46120)
[n3319:1337 :0:1337] Caught signal 11 (Segmentation fault: address not mapped to object at address 0x2af8120)
==== backtrace (tid:  88392) ====
 0 0x0000000000012b30 .annobin_sigaction.c()  sigaction.c:0
 1 0x0000000000408bdb jacobi()  ???:0
 2 0x0000000000404e26 main()  ???:0
 3 0x00000000000234a3 __libc_start_main()  ???:0
 4 0x00000000004052fe _start()  ???:0
=================================
==== backtrace (tid:   1337) ====
 0 0x0000000000012b30 .annobin_sigaction.c()  sigaction.c:0
 1 0x0000000000408bdb jacobi()  ???:0
 2 0x0000000000404e26 main()  ???:0
 3 0x00000000000234a3 __libc_start_main()  ???:0
 4 0x00000000004052fe _start()  ???:0
=================================
# elapsed time [mpigrid]: 28 ms
# 128 iterations
# ||r|| = 0.0475622
Done with parallel grid
