Starting parallel grid
Parallel Yes
maxiter 128
xsize 128
ysize 128
With jacobi
   0: ||r|| = 2.30513
[n3288:46172:0:46172] Caught signal 11 (Segmentation fault: address not mapped to object at address 0x2327120)
[n3319:39095:0:39095] Caught signal 11 (Segmentation fault: address not mapped to object at address 0x27eb120)
==== backtrace (tid:  39095) ====
 0 0x0000000000012b30 .annobin_sigaction.c()  sigaction.c:0
 1 0x0000000000408bdb jacobi()  ???:0
 2 0x0000000000404e26 main()  ???:0
 3 0x00000000000234a3 __libc_start_main()  ???:0
 4 0x00000000004052fe _start()  ???:0
=================================
   1: ||r|| = 1.2774
   2: ||r|| = 0.921796
   3: ||r|| = 0.734147
   4: ||r|| = 0.616165
   5: ||r|| = 0.534302
   6: ||r|| = 0.473769
   7: ||r|| = 0.426967
   8: ||r|| = 0.389565
   9: ||r|| = 0.358905
  10: ||r|| = 0.333257
  11: ||r|| = 0.311446
  12: ||r|| = 0.29264
  13: ||r|| = 0.276239
  14: ||r|| = 0.261792
  15: ||r|| = 0.248958
  16: ||r|| = 0.237471
  17: ||r|| = 0.227122
  18: ||r|| = 0.217744
  19: ||r|| = 0.2092
  20: ||r|| = 0.201382
  21: ||r|| = 0.194195
  22: ||r|| = 0.187564
  23: ||r|| = 0.181425
==== backtrace (tid:  46172) ====
 0 0x0000000000012b30 .annobin_sigaction.c()  sigaction.c:0
 1 0x0000000000408bdb jacobi()  ???:0
 2 0x0000000000404e26 main()  ???:0
 3 0x00000000000234a3 __libc_start_main()  ???:0
 4 0x00000000004052fe _start()  ???:0
=================================
  24: ||r|| = 0.175722
  25: ||r|| = 0.170409
  26: ||r|| = 0.165445
  27: ||r|| = 0.160797
  28: ||r|| = 0.156433
  29: ||r|| = 0.152327
  30: ||r|| = 0.148457
  31: ||r|| = 0.144801
  32: ||r|| = 0.141342
  33: ||r|| = 0.138064
  34: ||r|| = 0.134951
  35: ||r|| = 0.131992
  36: ||r|| = 0.129175
  37: ||r|| = 0.12649
  38: ||r|| = 0.123927
  39: ||r|| = 0.121477
  40: ||r|| = 0.119133
  41: ||r|| = 0.116889
  42: ||r|| = 0.114737
  43: ||r|| = 0.112671
  44: ||r|| = 0.110687
  45: ||r|| = 0.10878
  46: ||r|| = 0.106944
  47: ||r|| = 0.105177
  48: ||r|| = 0.103473
  49: ||r|| = 0.10183
  50: ||r|| = 0.100244
  51: ||r|| = 0.0987115
  52: ||r|| = 0.0972308
  53: ||r|| = 0.0957986
  54: ||r|| = 0.0944127
  55: ||r|| = 0.0930706
  56: ||r|| = 0.0917703
  57: ||r|| = 0.0905098
  58: ||r|| = 0.0892871
  59: ||r|| = 0.0881006
  60: ||r|| = 0.0869486
  61: ||r|| = 0.0858296
  62: ||r|| = 0.084742
  63: ||r|| = 0.0836846
  64: ||r|| = 0.0826561
  65: ||r|| = 0.0816552
  66: ||r|| = 0.0806808
  67: ||r|| = 0.0797318
  68: ||r|| = 0.0788072
  69: ||r|| = 0.077906
  70: ||r|| = 0.0770274
  71: ||r|| = 0.0761704
  72: ||r|| = 0.0753343
  73: ||r|| = 0.0745182
  74: ||r|| = 0.0737213
  75: ||r|| = 0.0729431
  76: ||r|| = 0.0721829
  77: ||r|| = 0.0714399
  78: ||r|| = 0.0707136
  79: ||r|| = 0.0700035
  80: ||r|| = 0.0693089
  81: ||r|| = 0.0686293
  82: ||r|| = 0.0679642
  83: ||r|| = 0.0673132
  84: ||r|| = 0.0666759
  85: ||r|| = 0.0660516
  86: ||r|| = 0.0654401
  87: ||r|| = 0.0648409
  88: ||r|| = 0.0642537
  89: ||r|| = 0.0636781
  90: ||r|| = 0.0631137
  91: ||r|| = 0.0625602
  92: ||r|| = 0.0620173
  93: ||r|| = 0.0614846
  94: ||r|| = 0.0609618
  95: ||r|| = 0.0604488
  96: ||r|| = 0.0599451
  97: ||r|| = 0.0594506
  98: ||r|| = 0.0589649
  99: ||r|| = 0.0584879
 100: ||r|| = 0.0580193
 101: ||r|| = 0.0575588
 102: ||r|| = 0.0571062
 103: ||r|| = 0.0566614
 104: ||r|| = 0.0562241
 105: ||r|| = 0.0557942
 106: ||r|| = 0.0553714
 107: ||r|| = 0.0549555
 108: ||r|| = 0.0545464
 109: ||r|| = 0.0541439
 110: ||r|| = 0.0537479
 111: ||r|| = 0.0533582
 112: ||r|| = 0.0529746
 113: ||r|| = 0.0525969
 114: ||r|| = 0.0522251
 115: ||r|| = 0.051859
 116: ||r|| = 0.0514985
 117: ||r|| = 0.0511434
 118: ||r|| = 0.0507936
 119: ||r|| = 0.050449
 120: ||r|| = 0.0501094
 121: ||r|| = 0.0497748
 122: ||r|| = 0.049445
 123: ||r|| = 0.04912
 124: ||r|| = 0.0487996
 125: ||r|| = 0.0484837
 126: ||r|| = 0.0481722
 127: ||r|| = 0.0478651
# elapsed time [mpigrid]: 31 ms
# 128 iterations
# ||r|| = 0.0475622
Done with parallel grid
